build/app/outputs/mapping/release/seeds.txt
com.example.wallpaper_hub.MainActivity
com.example.wallpaper_hub.MainActivity: MainActivity()
...
kotlin.jvm.internal.FunctionReference: FunctionReference(int,java.lang.Object,java.lang.Class,java.lang.String,java.lang.String,int)
androidx.window.embedding.SplitPairRule: boolean getClearTop()
io.flutter.plugin.editing.ImeSyncDeferringInsetsCallback: android.view.View$OnApplyWindowInsetsListener getInsetsListener()
io.flutter.view.AccessibilityViewEmbedder: android.view.accessibility.AccessibilityNodeInfo convertToFlutterNode(android.view.accessibility.AccessibilityNodeInfo,int,android.view.View)
io.flutter.embedding.android.FlutterSplashView$SavedState: android.os.Bundle access$700(io.flutter.embedding.android.FlutterSplashView$SavedState)
kotlin.jvm.internal.CallableReference: CallableReference(java.lang.Object,java.lang.Class,java.lang.String,java.lang.String,boolean)
androidx.window.embedding.EmbeddingCompat$Companion: EmbeddingCompat$Companion(kotlin.jvm.internal.DefaultConstructorMarker)
androidx.window.embedding.SplitController: void initialize(android.content.Context,int)
io.flutter.embedding.engine.FlutterJNI: boolean nativeFlutterTextUtilsIsEmojiModifierBase(int)
androidx.window.layout.FoldingFeature$Orientation$Companion: FoldingFeature$Orientation$Companion(kotlin.jvm.internal.DefaultConstructorMarker)
io.flutter.embedding.engine.FlutterJNI: void setPlatformMessageHandler(io.flutter.embedding.engine.dart.PlatformMessageHandler)
io.flutter.embedding.engine.FlutterJNI: void attachToNative()
androidx.window.layout.EmptyDecorator: androidx.window.layout.WindowInfoTracker decorate(androidx.window.layout.WindowInfoTracker)
io.flutter.embedding.engine.renderer.SurfaceTextureWrapper: void attachToGLContext(int)
androidx.window.embedding.ActivityRule: ActivityRule(java.util.Set,boolean,int,kotlin.jvm.internal.DefaultConstructorMarker)
androidx.window.layout.WindowMetricsCalculator: androidx.window.layout.WindowMetrics computeCurrentWindowMetrics(android.app.Activity)
androidx.window.layout.FoldingFeature$Orientation: java.lang.String toString()
io.flutter.embedding.engine.FlutterJNI: void onFirstFrame()
io.flutter.embedding.engine.FlutterJNI: void dispatchEmptyPlatformMessage(java.lang.String,int)
androidx.window.embedding.ActivityFilter: ActivityFilter(android.content.ComponentName,java.lang.String)
io.flutter.embedding.android.RenderMode: io.flutter.embedding.android.RenderMode valueOf(java.lang.String)
io.flutter.embedding.engine.FlutterJNI: void invokePlatformMessageEmptyResponseCallback(int)
io.flutter.embedding.engine.systemchannels.TextInputChannel$TextCapitalization: io.flutter.embedding.engine.systemchannels.TextInputChannel$TextCapitalization valueOf(java.lang.String)
androidx.window.java.layout.WindowInfoTrackerCallbackAdapter: void addListener(java.util.concurrent.Executor,androidx.core.util.Consumer,kotlinx.coroutines.flow.Flow)
androidx.window.embedding.ActivityFilter: android.content.ComponentName getComponentName()
androidx.window.embedding.EmptyEmbeddingComponent: EmptyEmbeddingComponent()
kotlinx.coroutines.channels.BufferOverflow: kotlinx.coroutines.channels.BufferOverflow valueOf(java.lang.String)
androidx.window.layout.HardwareFoldingFeature$Type: androidx.window.layout.HardwareFoldingFeature$Type access$getHINGE$cp()
io.flutter.embedding.engine.FlutterJNI: void addIsDisplayingFlutterUiListener(io.flutter.embedding.engine.renderer.FlutterUiDisplayListener)
androidx.window.layout.SidecarWindowBackend: void callbackRemovedForActivity(android.app.Activity)
androidx.window.layout.DisplayCompatHelperApi28: int safeInsetBottom(android.view.DisplayCutout)
androidx.window.layout.ExtensionInterfaceCompat: boolean validateExtensionInterface()
androidx.window.embedding.EmbeddingAdapter: java.lang.Object component1(android.util.Pair)
io.flutter.embedding.engine.FlutterJNI: void nativeSurfaceChanged(long,int,int)
kotlin.jvm.internal.FunctionReference: int hashCode()
androidx.window.layout.SidecarCompat$FirstAttachAdapter: void onViewAttachedToWindow(android.view.View)