build/app/outputs/mapping/release/mapping.txt
# compiler: R8
# compiler_version: 3.1.66
# min_api: 16
# pg_map_id: df5322d
# common_typos_disable
# {"id":"com.android.tools.r8.mapping","version":"1.0"}
...
kotlinx.coroutines.internal.ConcurrentKt -> kotlinx.coroutines.internal.e:
    java.lang.reflect.Method REMOVE_FUTURE_ON_CANCEL -> a
    boolean removeFutureOnCancel(java.util.concurrent.Executor) -> a
kotlinx.coroutines.internal.ContextScope -> kotlinx.coroutines.internal.f:
    kotlin.coroutines.CoroutineContext coroutineContext -> d
    kotlin.coroutines.CoroutineContext getCoroutineContext() -> s
kotlinx.coroutines.internal.DispatchedContinuation -> kotlinx.coroutines.internal.g:
    java.lang.Object countOrElement -> j
    java.lang.Object _state -> i
    kotlinx.coroutines.CoroutineDispatcher dispatcher -> g
    kotlin.coroutines.Continuation continuation -> h
    java.util.concurrent.atomic.AtomicReferenceFieldUpdater _reusableCancellableContinuation$FU -> k
    void cancelCompletedResult$kotlinx_coroutines_core(java.lang.Object,java.lang.Throwable) -> a
    kotlin.coroutines.Continuation getDelegate$kotlinx_coroutines_core() -> b
    java.lang.Object takeState$kotlinx_coroutines_core() -> f
    void awaitReusability() -> g
    kotlinx.coroutines.CancellableContinuationImpl claimReusableCancellableContinuation() -> i
    kotlinx.coroutines.CancellableContinuationImpl getReusableCancellableContinuation() -> j
    boolean isReusable() -> m
    boolean postponeCancellation(java.lang.Throwable) -> n
    void release() -> q
    java.lang.Throwable tryReleaseClaimedContinuation(kotlinx.coroutines.CancellableContinuation) -> s
kotlinx.coroutines.internal.DispatchedContinuationKt -> kotlinx.coroutines.internal.h:
    kotlinx.coroutines.internal.Symbol UNDEFINED -> a
    kotlinx.coroutines.internal.Symbol REUSABLE_CLAIMED -> b
    kotlinx.coroutines.internal.Symbol access$getUNDEFINED$p() -> a
    void resumeCancellableWith(kotlin.coroutines.Continuation,java.lang.Object,kotlin.jvm.functions.Function1) -> b
    void resumeCancellableWith$default(kotlin.coroutines.Continuation,java.lang.Object,kotlin.jvm.functions.Function1,int,java.lang.Object) -> c
kotlinx.coroutines.internal.ExceptionsConstuctorKt -> kotlinx.coroutines.internal.i:
    java.util.WeakHashMap exceptionCtors -> c
    java.util.concurrent.locks.ReentrantReadWriteLock cacheLock -> b
    int throwableFields -> a
    kotlin.jvm.functions.Function1 createConstructor(java.lang.reflect.Constructor) -> a
    int fieldsCount(java.lang.Class,int) -> b
    int fieldsCount$default(java.lang.Class,int,int,java.lang.Object) -> c
    int fieldsCountOrDefault(java.lang.Class,int) -> d
    java.lang.Throwable tryCopyException(java.lang.Throwable) -> e
kotlinx.coroutines.internal.ExceptionsConstuctorKt$createConstructor$$inlined$safeCtor$1 -> kotlinx.coroutines.internal.i$a:
    java.lang.reflect.Constructor $constructor$inlined -> d
    java.lang.Throwable invoke(java.lang.Throwable) -> a
kotlinx.coroutines.internal.ExceptionsConstuctorKt$createConstructor$$inlined$safeCtor$2 -> kotlinx.coroutines.internal.i$b:
    java.lang.reflect.Constructor $constructor$inlined -> d
    java.lang.Throwable invoke(java.lang.Throwable) -> a
kotlinx.coroutines.internal.ExceptionsConstuctorKt$createConstructor$$inlined$safeCtor$3 -> kotlinx.coroutines.internal.i$c:
    java.lang.reflect.Constructor $constructor$inlined -> d
    java.lang.Throwable invoke(java.lang.Throwable) -> a
kotlinx.coroutines.internal.ExceptionsConstuctorKt$createConstructor$$inlined$safeCtor$4 -> kotlinx.coroutines.internal.i$d:
    java.lang.reflect.Constructor $constructor$inlined -> d
    java.lang.Throwable invoke(java.lang.Throwable) -> a
kotlinx.coroutines.internal.ExceptionsConstuctorKt$tryCopyException$$inlined$sortedByDescending$1 -> kotlinx.coroutines.internal.i$e:
kotlinx.coroutines.internal.ExceptionsConstuctorKt$tryCopyException$4$1 -> kotlinx.coroutines.internal.i$f:
    kotlinx.coroutines.internal.ExceptionsConstuctorKt$tryCopyException$4$1 INSTANCE -> d
    java.lang.Void invoke(java.lang.Throwable) -> a