build/app/outputs/mapping/release/usage.txt
com.example.wallpaper_hub.BuildConfig
com.example.wallpaper_hub.R$attr
com.example.wallpaper_hub.R$color
com.example.wallpaper_hub.R$dimen
com.example.wallpaper_hub.R$drawable
com.example.wallpaper_hub.R$id
com.example.wallpaper_hub.R$integer
com.example.wallpaper_hub.R$layout
com.example.wallpaper_hub.R$mipmap
com.example.wallpaper_hub.R$string
com.example.wallpaper_hub.R$style
com.example.wallpaper_hub.R$styleable
com.example.wallpaper_hub.R
...
io.flutter.plugins.sharedpreferences.MethodCallHandlerImpl:
    private static final java.lang.String BIG_INTEGER_PREFIX
    private static final java.lang.String DOUBLE_PREFIX
    private static final java.lang.String LIST_IDENTIFIER
    private static final java.lang.String SHARED_PREFERENCES_NAME
io.flutter.plugins.sharedpreferences.R$attr
io.flutter.plugins.sharedpreferences.R$color
io.flutter.plugins.sharedpreferences.R$dimen
io.flutter.plugins.sharedpreferences.R$drawable
io.flutter.plugins.sharedpreferences.R$id
io.flutter.plugins.sharedpreferences.R$integer
io.flutter.plugins.sharedpreferences.R$layout
io.flutter.plugins.sharedpreferences.R$string
io.flutter.plugins.sharedpreferences.R$style
io.flutter.plugins.sharedpreferences.R$styleable
io.flutter.plugins.sharedpreferences.R
io.flutter.plugins.sharedpreferences.SharedPreferencesPlugin:
    private static final java.lang.String CHANNEL_NAME
    public static void registerWith(io.flutter.plugin.common.PluginRegistry$Registrar)
io.flutter.util.HandlerCompat:
    public void <init>()
io.flutter.util.PathUtils:
    public void <init>()
io.flutter.util.Preconditions:
    private void <init>()
    public static java.lang.Object checkNotNull(java.lang.Object)
    public static void checkState(boolean)
io.flutter.util.TraceSection:
    public void <init>()
io.flutter.util.ViewUtils:
    public void <init>()
io.flutter.view.AccessibilityBridge$SemanticsNode:
    private void log(java.lang.String,boolean)
io.flutter.view.AccessibilityBridge:
    private static final int ACTION_SHOW_ON_SCREEN
    private static final int MIN_ENGINE_GENERATED_NODE_ID
    private static final int ROOT_NODE_ID
    private static final float SCROLL_EXTENT_FOR_INFINITY
    private static final float SCROLL_POSITION_CAP_FOR_INFINITY
    private static final java.lang.String TAG
    public int getHoveredObjectId()
    public void reset()
io.flutter.view.FlutterMain$Settings
io.flutter.view.FlutterMain
io.flutter.view.FlutterNativeView$1
io.flutter.view.FlutterNativeView$EngineLifecycleListenerImpl
io.flutter.view.FlutterNativeView
io.flutter.view.FlutterRunArguments
io.flutter.view.FlutterView$1
io.flutter.view.FlutterView$2
io.flutter.view.FlutterView$3
io.flutter.view.FlutterView$FirstFrameListener
io.flutter.view.FlutterView$Provider
io.flutter.view.FlutterView$SurfaceTextureRegistryEntry$1
io.flutter.view.FlutterView$SurfaceTextureRegistryEntry
io.flutter.view.FlutterView$ViewportMetrics
io.flutter.view.FlutterView$ZeroSides
io.flutter.view.FlutterView
io.flutter.view.TextureRegistry$-CC
io.flutter.view.TextureRegistry$SurfaceTextureEntry:
    public abstract void release()
io.flutter.view.TextureRegistry:
    public void onTrimMemory(int)
    public abstract io.flutter.view.TextureRegistry$SurfaceTextureEntry registerSurfaceTexture(android.graphics.SurfaceTexture)
io.flutter.view.VsyncWaiter:
    public static void reset()
javax.annotation.CheckForNull
javax.annotation.CheckForSigned
javax.annotation.CheckReturnValue
javax.annotation.Detainted
javax.annotation.MatchesPattern$Checker
javax.annotation.MatchesPattern
javax.annotation.Nonnegative$Checker
javax.annotation.Nonnegative
javax.annotation.Nonnull$Checker
javax.annotation.Nonnull
javax.annotation.Nullable
javax.annotation.OverridingMethodsMustInvokeSuper
javax.annotation.ParametersAreNonnullByDefault
javax.annotation.ParametersAreNullableByDefault
javax.annotation.PropertyKey
javax.annotation.RegEx$Checker
javax.annotation.RegEx
javax.annotation.Signed
javax.annotation.Syntax
javax.annotation.Tainted
javax.annotation.Untainted
javax.annotation.WillClose
javax.annotation.WillCloseWhenClosed
javax.annotation.WillNotClose
javax.annotation.concurrent.GuardedBy
javax.annotation.concurrent.Immutable
javax.annotation.concurrent.NotThreadSafe
javax.annotation.concurrent.ThreadSafe
javax.annotation.meta.Exclusive
javax.annotation.meta.Exhaustive
javax.annotation.meta.TypeQualifier
javax.annotation.meta.TypeQualifierDefault